Arguments: 
  /usr/local/bin/node /usr/local/Cellar/yarn/1.16.0/libexec/bin/yarn.js docs:new

PATH: 
  /usr/local/bin:/usr/bin:/bin:/usr/sbin:/sbin:/Library/TeX/texbin:/usr/local/opt/icu4c/bin:/usr/local/opt/icu4c/sbin:/usr/local/sbin:/usr/local/opt/php@7.1/sbin:/usr/local/opt/php@7.1/bin:/Users/xzhou/.rvm/bin:/Users/xzhou/.rvm/bin:/Users/xzhou/.composer/vendor/bin

Yarn version: 
  1.16.0

Node version: 
  10.5.0

Platform: 
  darwin x64

Trace: 
  SyntaxError: /Users/xzhou/sites/github/zaobao/package.json: Unexpected end of JSON input
      at JSON.parse (<anonymous>)
      at /usr/local/Cellar/yarn/1.16.0/libexec/lib/cli.js:1625:59
      at Generator.next (<anonymous>)
      at step (/usr/local/Cellar/yarn/1.16.0/libexec/lib/cli.js:304:30)
      at /usr/local/Cellar/yarn/1.16.0/libexec/lib/cli.js:315:13

npm manifest: 
  

yarn manifest: 
  No manifest

Lockfile: 
  # THIS IS AN AUTOGENERATED FILE. DO NOT EDIT THIS FILE DIRECTLY.
  # yarn lockfile v1
